2018-04-05 15:55:07.357 [restartedMain] INFO  c.d.DistributionApplication -Starting DistributionApplication on DESKTOP-QO6Q96V with PID 13804 (E:\wokspace\myproject\distribution_management\target\classes started by huangpu in E:\wokspace\myproject\distribution_management)
2018-04-05 15:55:07.377 [restartedMain] INFO  c.d.DistributionApplication -The following profiles are active: dev
2018-04-05 15:55:08.055 [restartedMain] INFO  o.s.b.c.e.AnnotationConfigEmbeddedWebApplicationContext -Refreshing org.springframework.boot.context.embedded.AnnotationConfigEmbeddedWebApplicationContext@382c2d16: startup date [Thu Apr 05 15:55:08 CST 2018]; root of context hierarchy
2018-04-05 15:55:11.221 [restartedMain] WARN  o.s.c.a.ConfigurationClassPostProcessor -Cannot enhance @Configuration bean definition 'dataSourceConfig' since its singleton instance has been created too early. The typical cause is a non-static @Bean method with a BeanDefinitionRegistryPostProcessor return type: Consider declaring such methods as 'static'.
2018-04-05 15:55:12.163 [restartedMain] INFO  o.s.c.s.PostProcessorRegistrationDelegate$BeanPostProcessorChecker -Bean 'org.springframework.transaction.annotation.ProxyTransactionManagementConfiguration' of type [org.springframework.transaction.annotation.ProxyTransactionManagementConfiguration$$EnhancerBySpringCGLIB$$7e82d1ec] is not eligible for getting processed by all BeanPostProcessors (for example: not eligible for auto-proxying)
2018-04-05 15:55:13.269 [restartedMain] INFO  o.s.b.c.e.t.TomcatEmbeddedServletContainer -Tomcat initialized with port(s): 8081 (http)
2018-04-05 15:55:13.300 [restartedMain] INFO  o.a.catalina.core.StandardService -Starting service Tomcat
2018-04-05 15:55:13.303 [restartedMain] INFO  o.a.catalina.core.StandardEngine -Starting Servlet Engine: Apache Tomcat/8.5.11
2018-04-05 15:55:13.489 [localhost-startStop-1] INFO  o.a.c.c.C.[Tomcat].[localhost].[/] -Initializing Spring embedded WebApplicationContext
2018-04-05 15:55:13.490 [localhost-startStop-1] INFO  o.s.web.context.ContextLoader -Root WebApplicationContext: initialization completed in 5435 ms
2018-04-05 15:55:13.820 [localhost-startStop-1] INFO  o.s.b.w.s.ServletRegistrationBean -Mapping servlet: 'dispatcherServlet' to [/]
2018-04-05 15:55:13.827 [localhost-startStop-1] INFO  o.s.b.w.s.FilterRegistrationBean -Mapping filter: 'characterEncodingFilter' to: [/*]
2018-04-05 15:55:13.829 [localhost-startStop-1] INFO  o.s.b.w.s.FilterRegistrationBean -Mapping filter: 'hiddenHttpMethodFilter' to: [/*]
2018-04-05 15:55:13.829 [localhost-startStop-1] INFO  o.s.b.w.s.FilterRegistrationBean -Mapping filter: 'httpPutFormContentFilter' to: [/*]
2018-04-05 15:55:13.829 [localhost-startStop-1] INFO  o.s.b.w.s.FilterRegistrationBean -Mapping filter: 'requestContextFilter' to: [/*]
2018-04-05 15:55:14.218 [restartedMain] INFO  c.alibaba.druid.pool.DruidDataSource -{dataSource-1} inited
2018-04-05 15:55:14.725 [restartedMain] INFO  o.s.o.j.LocalContainerEntityManagerFactoryBean -Building JPA container EntityManagerFactory for persistence unit 'default'
2018-04-05 15:55:14.769 [restartedMain] INFO  o.h.jpa.internal.util.LogHelper -HHH000204: Processing PersistenceUnitInfo [
	name: default
	...]
2018-04-05 15:55:15.078 [restartedMain] INFO  org.hibernate.Version -HHH000412: Hibernate Core {5.0.12.Final}
2018-04-05 15:55:15.082 [restartedMain] INFO  org.hibernate.cfg.Environment -HHH000206: hibernate.properties not found
2018-04-05 15:55:15.084 [restartedMain] INFO  org.hibernate.cfg.Environment -HHH000021: Bytecode provider name : javassist
2018-04-05 15:55:15.287 [restartedMain] INFO  o.h.annotations.common.Version -HCANN000001: Hibernate Commons Annotations {5.0.1.Final}
2018-04-05 15:55:16.090 [restartedMain] INFO  org.hibernate.dialect.Dialect -HHH000400: Using dialect: org.hibernate.dialect.MySQL5Dialect
2018-04-05 15:55:16.723 [restartedMain] INFO  o.s.o.j.LocalContainerEntityManagerFactoryBean -Initialized JPA EntityManagerFactory for persistence unit 'default'
2018-04-05 15:55:17.604 [restartedMain] INFO  o.s.w.s.m.m.a.RequestMappingHandlerAdapter -Looking for @ControllerAdvice: org.springframework.boot.context.embedded.AnnotationConfigEmbeddedWebApplicationContext@382c2d16: startup date [Thu Apr 05 15:55:08 CST 2018]; root of context hierarchy
2018-04-05 15:55:17.781 [restartedMain] INFO  o.s.w.s.m.m.a.RequestMappingHandlerMapping -Mapped "{[/dismember/list],methods=[GET]}" onto public java.lang.String com.distribution.controller.DisMemberInfoController.list()
2018-04-05 15:55:17.786 [restartedMain] INFO  o.s.w.s.m.m.a.RequestMappingHandlerMapping -Mapped "{[/dismember/insert],methods=[GET]}" onto public java.lang.String com.distribution.controller.DisMemberInfoController.insert(javax.servlet.http.HttpServletRequest)
2018-04-05 15:55:17.788 [restartedMain] INFO  o.s.w.s.m.m.a.RequestMappingHandlerMapping -Mapped "{[/dismember/detail/{id}],methods=[GET]}" onto public java.lang.String com.distribution.controller.DisMemberInfoController.detail(javax.servlet.http.HttpServletRequest,java.lang.String)
2018-04-05 15:55:17.789 [restartedMain] INFO  o.s.w.s.m.m.a.RequestMappingHandlerMapping -Mapped "{[/dismember/nodeList],methods=[POST]}" onto public java.lang.String com.distribution.controller.DisMemberInfoController.nodeList(java.lang.String)
2018-04-05 15:55:17.790 [restartedMain] INFO  o.s.w.s.m.m.a.RequestMappingHandlerMapping -Mapped "{[/dismember/list],methods=[POST]}" onto public com.distribution.common.util.InvokeResult com.distribution.controller.DisMemberInfoController.listPost(com.distribution.common.model.DisMemberInfo)
2018-04-05 15:55:17.790 [restartedMain] INFO  o.s.w.s.m.m.a.RequestMappingHandlerMapping -Mapped "{[/dismember/insert],methods=[POST]}" onto public com.distribution.common.util.InvokeResult com.distribution.controller.DisMemberInfoController.insertpost(com.distribution.common.model.DisMemberInfo)
2018-04-05 15:55:17.792 [restartedMain] INFO  o.s.w.s.m.m.a.RequestMappingHandlerMapping -Mapped "{[/dispro/add],methods=[GET]}" onto public java.lang.String com.distribution.controller.DisProfiParamController.add(javax.servlet.http.HttpServletRequest)
2018-04-05 15:55:17.794 [restartedMain] INFO  o.s.w.s.m.m.a.RequestMappingHandlerMapping -Mapped "{[/dispro/list],methods=[GET]}" onto public java.lang.String com.distribution.controller.DisProfiParamController.list()
2018-04-05 15:55:17.795 [restartedMain] INFO  o.s.w.s.m.m.a.RequestMappingHandlerMapping -Mapped "{[/dispro/list],methods=[POST]}" onto public com.distribution.common.util.InvokeResult com.distribution.controller.DisProfiParamController.listPost(javax.servlet.http.HttpServletRequest,com.distribution.common.model.DisProfiParam)
2018-04-05 15:55:17.796 [restartedMain] INFO  o.s.w.s.m.m.a.RequestMappingHandlerMapping -Mapped "{[/dispro/add],methods=[POST]}" onto public com.distribution.common.util.InvokeResult com.distribution.controller.DisProfiParamController.addPost(com.distribution.common.model.DisProfiParam)
2018-04-05 15:55:17.798 [restartedMain] INFO  o.s.w.s.m.m.a.RequestMappingHandlerMapping -Mapped "{[/disProfit/add],methods=[GET]}" onto public java.lang.String com.distribution.controller.DisProfitRecordController.add(javax.servlet.http.HttpServletRequest)
2018-04-05 15:55:17.799 [restartedMain] INFO  o.s.w.s.m.m.a.RequestMappingHandlerMapping -Mapped "{[/disProfit/list],methods=[GET]}" onto public java.lang.String com.distribution.controller.DisProfitRecordController.list()
2018-04-05 15:55:17.800 [restartedMain] INFO  o.s.w.s.m.m.a.RequestMappingHandlerMapping -Mapped "{[/disProfit/list],methods=[POST]}" onto public com.distribution.common.util.InvokeResult com.distribution.controller.DisProfitRecordController.listPost(com.distribution.common.model.DisProfitRecord)
2018-04-05 15:55:17.801 [restartedMain] INFO  o.s.w.s.m.m.a.RequestMappingHandlerMapping -Mapped "{[/disProfit/add],methods=[POST]}" onto public com.distribution.common.util.InvokeResult com.distribution.controller.DisProfitRecordController.addPost(com.distribution.model.DisProfitRecordVo)
2018-04-05 15:55:17.802 [restartedMain] INFO  o.s.w.s.m.m.a.RequestMappingHandlerMapping -Mapped "{[/index || ],methods=[GET]}" onto public java.lang.String com.distribution.controller.IndexController.test()
2018-04-05 15:55:17.806 [restartedMain] INFO  o.s.w.s.m.m.a.RequestMappingHandlerMapping -Mapped "{[/error]}" onto public org.springframework.http.ResponseEntity<java.util.Map<java.lang.String, java.lang.Object>> org.springframework.boot.autoconfigure.web.BasicErrorController.error(javax.servlet.http.HttpServletRequest)
2018-04-05 15:55:17.808 [restartedMain] INFO  o.s.w.s.m.m.a.RequestMappingHandlerMapping -Mapped "{[/error],produces=[text/html]}" onto public org.springframework.web.servlet.ModelAndView org.springframework.boot.autoconfigure.web.BasicErrorController.errorHtml(javax.servlet.http.HttpServletRequest,javax.servlet.http.HttpServletResponse)
2018-04-05 15:55:17.890 [restartedMain] INFO  o.s.w.s.h.SimpleUrlHandlerMapping -Mapped URL path [/webjars/**] onto handler of type [class org.springframework.web.servlet.resource.ResourceHttpRequestHandler]
2018-04-05 15:55:17.891 [restartedMain] INFO  o.s.w.s.h.SimpleUrlHandlerMapping -Mapped URL path [/**] onto handler of type [class org.springframework.web.servlet.resource.ResourceHttpRequestHandler]
2018-04-05 15:55:18.018 [restartedMain] INFO  o.s.w.s.h.SimpleUrlHandlerMapping -Mapped URL path [/**/favicon.ico] onto handler of type [class org.springframework.web.servlet.resource.ResourceHttpRequestHandler]
2018-04-05 15:55:18.126 [restartedMain] WARN  o.t.templatemode.TemplateMode -[THYMELEAF][restartedMain] Template Mode 'HTML5' is deprecated. Using Template Mode 'HTML' instead.
2018-04-05 15:55:19.609 [restartedMain] WARN  o.s.b.d.a.OptionalLiveReloadServer -Unable to start LiveReload server
2018-04-05 15:55:19.914 [restartedMain] INFO  o.s.j.e.a.AnnotationMBeanExporter -Registering beans for JMX exposure on startup
2018-04-05 15:55:19.917 [restartedMain] INFO  o.s.j.e.a.AnnotationMBeanExporter -Bean with name 'getDataSource' has been autodetected for JMX exposure
2018-04-05 15:55:19.923 [restartedMain] INFO  o.s.j.e.a.AnnotationMBeanExporter -Located MBean 'getDataSource': registering with JMX server as MBean [com.alibaba.druid.pool:name=getDataSource,type=DruidDataSource]
2018-04-05 15:55:20.014 [restartedMain] INFO  o.s.b.c.e.t.TomcatEmbeddedServletContainer -Tomcat started on port(s): 8081 (http)
2018-04-05 15:55:20.024 [restartedMain] INFO  c.d.DistributionApplication -Started DistributionApplication in 13.636 seconds (JVM running for 15.491)
2018-04-05 15:55:31.368 [http-nio-8081-exec-1] INFO  o.a.c.c.C.[Tomcat].[localhost].[/] -Initializing Spring FrameworkServlet 'dispatcherServlet'
2018-04-05 15:55:31.372 [http-nio-8081-exec-1] INFO  o.s.web.servlet.DispatcherServlet -FrameworkServlet 'dispatcherServlet': initialization started
2018-04-05 15:55:31.449 [http-nio-8081-exec-1] INFO  o.s.web.servlet.DispatcherServlet -FrameworkServlet 'dispatcherServlet': initialization completed in 75 ms
2018-04-05 16:01:40.231 [http-nio-8081-exec-8] INFO  o.s.b.f.xml.XmlBeanDefinitionReader -Loading XML bean definitions from class path resource [org/springframework/jdbc/support/sql-error-codes.xml]
2018-04-05 16:01:40.374 [http-nio-8081-exec-8] INFO  o.s.j.support.SQLErrorCodesFactory -SQLErrorCodes loaded: [DB2, Derby, H2, HSQL, Informix, MS-SQL, MySQL, Oracle, PostgreSQL, Sybase, Hana]
2018-04-05 16:22:22.123 [restartedMain] INFO  c.d.DistributionApplication -Starting DistributionApplication on DESKTOP-QO6Q96V with PID 22324 (E:\wokspace\myproject\distribution_management\target\classes started by huangpu in E:\wokspace\myproject\distribution_management)
2018-04-05 16:22:22.130 [restartedMain] INFO  c.d.DistributionApplication -The following profiles are active: dev
2018-04-05 16:22:22.802 [restartedMain] INFO  o.s.b.c.e.AnnotationConfigEmbeddedWebApplicationContext -Refreshing org.springframework.boot.context.embedded.AnnotationConfigEmbeddedWebApplicationContext@423d9f86: startup date [Thu Apr 05 16:22:22 CST 2018]; root of context hierarchy
2018-04-05 16:22:26.454 [restartedMain] WARN  o.s.c.a.ConfigurationClassPostProcessor -Cannot enhance @Configuration bean definition 'dataSourceConfig' since its singleton instance has been created too early. The typical cause is a non-static @Bean method with a BeanDefinitionRegistryPostProcessor return type: Consider declaring such methods as 'static'.
2018-04-05 16:22:27.669 [restartedMain] INFO  o.s.c.s.PostProcessorRegistrationDelegate$BeanPostProcessorChecker -Bean 'org.springframework.transaction.annotation.ProxyTransactionManagementConfiguration' of type [org.springframework.transaction.annotation.ProxyTransactionManagementConfiguration$$EnhancerBySpringCGLIB$$8709f3d0] is not eligible for getting processed by all BeanPostProcessors (for example: not eligible for auto-proxying)
2018-04-05 16:22:29.514 [restartedMain] INFO  o.s.b.c.e.t.TomcatEmbeddedServletContainer -Tomcat initialized with port(s): 8081 (http)
2018-04-05 16:22:29.584 [restartedMain] INFO  o.a.catalina.core.StandardService -Starting service Tomcat
2018-04-05 16:22:29.587 [restartedMain] INFO  o.a.catalina.core.StandardEngine -Starting Servlet Engine: Apache Tomcat/8.5.11
2018-04-05 16:22:29.998 [localhost-startStop-1] INFO  o.a.c.c.C.[Tomcat].[localhost].[/] -Initializing Spring embedded WebApplicationContext
2018-04-05 16:22:30.000 [localhost-startStop-1] INFO  o.s.web.context.ContextLoader -Root WebApplicationContext: initialization completed in 7199 ms
2018-04-05 16:22:30.340 [localhost-startStop-1] INFO  o.s.b.w.s.ServletRegistrationBean -Mapping servlet: 'dispatcherServlet' to [/]
2018-04-05 16:22:30.347 [localhost-startStop-1] INFO  o.s.b.w.s.FilterRegistrationBean -Mapping filter: 'characterEncodingFilter' to: [/*]
2018-04-05 16:22:30.349 [localhost-startStop-1] INFO  o.s.b.w.s.FilterRegistrationBean -Mapping filter: 'hiddenHttpMethodFilter' to: [/*]
2018-04-05 16:22:30.349 [localhost-startStop-1] INFO  o.s.b.w.s.FilterRegistrationBean -Mapping filter: 'httpPutFormContentFilter' to: [/*]
2018-04-05 16:22:30.349 [localhost-startStop-1] INFO  o.s.b.w.s.FilterRegistrationBean -Mapping filter: 'requestContextFilter' to: [/*]
2018-04-05 16:22:30.901 [restartedMain] INFO  c.alibaba.druid.pool.DruidDataSource -{dataSource-1} inited
2018-04-05 16:22:31.473 [restartedMain] INFO  o.s.o.j.LocalContainerEntityManagerFactoryBean -Building JPA container EntityManagerFactory for persistence unit 'default'
2018-04-05 16:22:31.527 [restartedMain] INFO  o.h.jpa.internal.util.LogHelper -HHH000204: Processing PersistenceUnitInfo [
	name: default
	...]
2018-04-05 16:22:31.797 [restartedMain] INFO  org.hibernate.Version -HHH000412: Hibernate Core {5.0.12.Final}
2018-04-05 16:22:31.799 [restartedMain] INFO  org.hibernate.cfg.Environment -HHH000206: hibernate.properties not found
2018-04-05 16:22:31.802 [restartedMain] INFO  org.hibernate.cfg.Environment -HHH000021: Bytecode provider name : javassist
2018-04-05 16:22:31.900 [restartedMain] INFO  o.h.annotations.common.Version -HCANN000001: Hibernate Commons Annotations {5.0.1.Final}
2018-04-05 16:22:32.264 [restartedMain] INFO  org.hibernate.dialect.Dialect -HHH000400: Using dialect: org.hibernate.dialect.MySQL5Dialect
2018-04-05 16:22:32.957 [restartedMain] INFO  o.s.o.j.LocalContainerEntityManagerFactoryBean -Initialized JPA EntityManagerFactory for persistence unit 'default'
2018-04-05 16:22:33.668 [restartedMain] INFO  o.s.w.s.m.m.a.RequestMappingHandlerAdapter -Looking for @ControllerAdvice: org.springframework.boot.context.embedded.AnnotationConfigEmbeddedWebApplicationContext@423d9f86: startup date [Thu Apr 05 16:22:22 CST 2018]; root of context hierarchy
2018-04-05 16:22:33.825 [restartedMain] INFO  o.s.w.s.m.m.a.RequestMappingHandlerMapping -Mapped "{[/dismember/list],methods=[GET]}" onto public java.lang.String com.distribution.controller.DisMemberInfoController.list()
2018-04-05 16:22:33.835 [restartedMain] INFO  o.s.w.s.m.m.a.RequestMappingHandlerMapping -Mapped "{[/dismember/insert],methods=[GET]}" onto public java.lang.String com.distribution.controller.DisMemberInfoController.insert(javax.servlet.http.HttpServletRequest)
2018-04-05 16:22:33.836 [restartedMain] INFO  o.s.w.s.m.m.a.RequestMappingHandlerMapping -Mapped "{[/dismember/detail/{id}],methods=[GET]}" onto public java.lang.String com.distribution.controller.DisMemberInfoController.detail(javax.servlet.http.HttpServletRequest,java.lang.String)
2018-04-05 16:22:33.838 [restartedMain] INFO  o.s.w.s.m.m.a.RequestMappingHandlerMapping -Mapped "{[/dismember/insert],methods=[POST]}" onto public com.distribution.common.util.InvokeResult com.distribution.controller.DisMemberInfoController.insertpost(com.distribution.common.model.DisMemberInfo)
2018-04-05 16:22:33.841 [restartedMain] INFO  o.s.w.s.m.m.a.RequestMappingHandlerMapping -Mapped "{[/dismember/nodeList],methods=[POST]}" onto public java.lang.String com.distribution.controller.DisMemberInfoController.nodeList(java.lang.String)
2018-04-05 16:22:33.841 [restartedMain] INFO  o.s.w.s.m.m.a.RequestMappingHandlerMapping -Mapped "{[/dismember/list],methods=[POST]}" onto public com.distribution.common.util.InvokeResult com.distribution.controller.DisMemberInfoController.listPost(com.distribution.common.model.DisMemberInfo)
2018-04-05 16:22:33.847 [restartedMain] INFO  o.s.w.s.m.m.a.RequestMappingHandlerMapping -Mapped "{[/dispro/add],methods=[GET]}" onto public java.lang.String com.distribution.controller.DisProfiParamController.add(javax.servlet.http.HttpServletRequest)
2018-04-05 16:22:33.851 [restartedMain] INFO  o.s.w.s.m.m.a.RequestMappingHandlerMapping -Mapped "{[/dispro/list],methods=[GET]}" onto public java.lang.String com.distribution.controller.DisProfiParamController.list()
2018-04-05 16:22:33.851 [restartedMain] INFO  o.s.w.s.m.m.a.RequestMappingHandlerMapping -Mapped "{[/dispro/add],methods=[POST]}" onto public com.distribution.common.util.InvokeResult com.distribution.controller.DisProfiParamController.addPost(com.distribution.common.model.DisProfiParam)
2018-04-05 16:22:33.853 [restartedMain] INFO  o.s.w.s.m.m.a.RequestMappingHandlerMapping -Mapped "{[/dispro/list],methods=[POST]}" onto public com.distribution.common.util.InvokeResult com.distribution.controller.DisProfiParamController.listPost(javax.servlet.http.HttpServletRequest,com.distribution.common.model.DisProfiParam)
2018-04-05 16:22:33.857 [restartedMain] INFO  o.s.w.s.m.m.a.RequestMappingHandlerMapping -Mapped "{[/disProfit/add],methods=[GET]}" onto public java.lang.String com.distribution.controller.DisProfitRecordController.add(javax.servlet.http.HttpServletRequest)
2018-04-05 16:22:33.858 [restartedMain] INFO  o.s.w.s.m.m.a.RequestMappingHandlerMapping -Mapped "{[/disProfit/list],methods=[GET]}" onto public java.lang.String com.distribution.controller.DisProfitRecordController.list()
2018-04-05 16:22:33.862 [restartedMain] INFO  o.s.w.s.m.m.a.RequestMappingHandlerMapping -Mapped "{[/disProfit/add],methods=[POST]}" onto public com.distribution.common.util.InvokeResult com.distribution.controller.DisProfitRecordController.addPost(com.distribution.model.DisProfitRecordVo)
2018-04-05 16:22:33.863 [restartedMain] INFO  o.s.w.s.m.m.a.RequestMappingHandlerMapping -Mapped "{[/disProfit/list],methods=[POST]}" onto public com.distribution.common.util.InvokeResult com.distribution.controller.DisProfitRecordController.listPost(com.distribution.common.model.DisProfitRecord)
2018-04-05 16:22:33.865 [restartedMain] INFO  o.s.w.s.m.m.a.RequestMappingHandlerMapping -Mapped "{[/index || ],methods=[GET]}" onto public java.lang.String com.distribution.controller.IndexController.test()
2018-04-05 16:22:33.873 [restartedMain] INFO  o.s.w.s.m.m.a.RequestMappingHandlerMapping -Mapped "{[/error]}" onto public org.springframework.http.ResponseEntity<java.util.Map<java.lang.String, java.lang.Object>> org.springframework.boot.autoconfigure.web.BasicErrorController.error(javax.servlet.http.HttpServletRequest)
2018-04-05 16:22:33.876 [restartedMain] INFO  o.s.w.s.m.m.a.RequestMappingHandlerMapping -Mapped "{[/error],produces=[text/html]}" onto public org.springframework.web.servlet.ModelAndView org.springframework.boot.autoconfigure.web.BasicErrorController.errorHtml(javax.servlet.http.HttpServletRequest,javax.servlet.http.HttpServletResponse)
2018-04-05 16:22:34.004 [restartedMain] INFO  o.s.w.s.h.SimpleUrlHandlerMapping -Mapped URL path [/webjars/**] onto handler of type [class org.springframework.web.servlet.resource.ResourceHttpRequestHandler]
2018-04-05 16:22:34.004 [restartedMain] INFO  o.s.w.s.h.SimpleUrlHandlerMapping -Mapped URL path [/**] onto handler of type [class org.springframework.web.servlet.resource.ResourceHttpRequestHandler]
2018-04-05 16:22:34.116 [restartedMain] INFO  o.s.w.s.h.SimpleUrlHandlerMapping -Mapped URL path [/**/favicon.ico] onto handler of type [class org.springframework.web.servlet.resource.ResourceHttpRequestHandler]
2018-04-05 16:22:34.260 [restartedMain] WARN  o.t.templatemode.TemplateMode -[THYMELEAF][restartedMain] Template Mode 'HTML5' is deprecated. Using Template Mode 'HTML' instead.
2018-04-05 16:22:36.456 [restartedMain] WARN  o.s.b.d.a.OptionalLiveReloadServer -Unable to start LiveReload server
2018-04-05 16:22:36.811 [restartedMain] INFO  o.s.j.e.a.AnnotationMBeanExporter -Registering beans for JMX exposure on startup
2018-04-05 16:22:36.816 [restartedMain] INFO  o.s.j.e.a.AnnotationMBeanExporter -Bean with name 'getDataSource' has been autodetected for JMX exposure
2018-04-05 16:22:36.830 [restartedMain] INFO  o.s.j.e.a.AnnotationMBeanExporter -Located MBean 'getDataSource': registering with JMX server as MBean [com.alibaba.druid.pool:name=getDataSource,type=DruidDataSource]
2018-04-05 16:22:36.903 [restartedMain] ERROR o.a.coyote.http11.Http11NioProtocol -Failed to start end point associated with ProtocolHandler [http-nio-8081]
java.net.BindException: Address already in use: bind
	at sun.nio.ch.Net.bind0(Native Method)
	at sun.nio.ch.Net.bind(Net.java:433)
	at sun.nio.ch.Net.bind(Net.java:425)
	at sun.nio.ch.ServerSocketChannelImpl.bind(ServerSocketChannelImpl.java:223)
	at sun.nio.ch.ServerSocketAdaptor.bind(ServerSocketAdaptor.java:74)
	at org.apache.tomcat.util.net.NioEndpoint.bind(NioEndpoint.java:210)
	at org.apache.tomcat.util.net.AbstractEndpoint.start(AbstractEndpoint.java:980)
	at org.apache.coyote.AbstractProtocol.start(AbstractProtocol.java:573)
	at org.apache.catalina.connector.Connector.startInternal(Connector.java:993)
	at org.apache.catalina.util.LifecycleBase.start(LifecycleBase.java:150)
	at org.apache.catalina.core.StandardService.addConnector(StandardService.java:225)
	at org.springframework.boot.context.embedded.tomcat.TomcatEmbeddedServletContainer.addPreviouslyRemovedConnectors(TomcatEmbeddedServletContainer.java:247)
	at org.springframework.boot.context.embedded.tomcat.TomcatEmbeddedServletContainer.start(TomcatEmbeddedServletContainer.java:190)
	at org.springframework.boot.context.embedded.EmbeddedWebApplicationContext.startEmbeddedServletContainer(EmbeddedWebApplicationContext.java:297)
	at org.springframework.boot.context.embedded.EmbeddedWebApplicationContext.finishRefresh(EmbeddedWebApplicationContext.java:145)
	at org.springframework.context.support.AbstractApplicationContext.refresh(AbstractApplicationContext.java:545)
	at org.springframework.boot.context.embedded.EmbeddedWebApplicationContext.refresh(EmbeddedWebApplicationContext.java:122)
	at org.springframework.boot.SpringApplication.refresh(SpringApplication.java:737)
	at org.springframework.boot.SpringApplication.refreshContext(SpringApplication.java:370)
	at org.springframework.boot.SpringApplication.run(SpringApplication.java:314)
	at org.springframework.boot.SpringApplication.run(SpringApplication.java:1162)
	at org.springframework.boot.SpringApplication.run(SpringApplication.java:1151)
	at com.distribution.DistributionApplication.main(DistributionApplication.java:15)
	at sun.reflect.NativeMethodAccessorImpl.invoke0(Native Method)
	at sun.reflect.NativeMethodAccessorImpl.invoke(NativeMethodAccessorImpl.java:62)
	at sun.reflect.DelegatingMethodAccessorImpl.invoke(DelegatingMethodAccessorImpl.java:43)
	at java.lang.reflect.Method.invoke(Method.java:498)
	at org.springframework.boot.devtools.restart.RestartLauncher.run(RestartLauncher.java:49)
2018-04-05 16:22:36.907 [restartedMain] ERROR o.a.catalina.core.StandardService -Failed to start connector [Connector[HTTP/1.1-8081]]
org.apache.catalina.LifecycleException: Failed to start component [Connector[HTTP/1.1-8081]]
	at org.apache.catalina.util.LifecycleBase.start(LifecycleBase.java:167)
	at org.apache.catalina.core.StandardService.addConnector(StandardService.java:225)
	at org.springframework.boot.context.embedded.tomcat.TomcatEmbeddedServletContainer.addPreviouslyRemovedConnectors(TomcatEmbeddedServletContainer.java:247)
	at org.springframework.boot.context.embedded.tomcat.TomcatEmbeddedServletContainer.start(TomcatEmbeddedServletContainer.java:190)
	at org.springframework.boot.context.embedded.EmbeddedWebApplicationContext.startEmbeddedServletContainer(EmbeddedWebApplicationContext.java:297)
	at org.springframework.boot.context.embedded.EmbeddedWebApplicationContext.finishRefresh(EmbeddedWebApplicationContext.java:145)
	at org.springframework.context.support.AbstractApplicationContext.refresh(AbstractApplicationContext.java:545)
	at org.springframework.boot.context.embedded.EmbeddedWebApplicationContext.refresh(EmbeddedWebApplicationContext.java:122)
	at org.springframework.boot.SpringApplication.refresh(SpringApplication.java:737)
	at org.springframework.boot.SpringApplication.refreshContext(SpringApplication.java:370)
	at org.springframework.boot.SpringApplication.run(SpringApplication.java:314)
	at org.springframework.boot.SpringApplication.run(SpringApplication.java:1162)
	at org.springframework.boot.SpringApplication.run(SpringApplication.java:1151)
	at com.distribution.DistributionApplication.main(DistributionApplication.java:15)
	at sun.reflect.NativeMethodAccessorImpl.invoke0(Native Method)
	at sun.reflect.NativeMethodAccessorImpl.invoke(NativeMethodAccessorImpl.java:62)
	at sun.reflect.DelegatingMethodAccessorImpl.invoke(DelegatingMethodAccessorImpl.java:43)
	at java.lang.reflect.Method.invoke(Method.java:498)
	at org.springframework.boot.devtools.restart.RestartLauncher.run(RestartLauncher.java:49)
Caused by: org.apache.catalina.LifecycleException: service.getName(): "Tomcat";  Protocol handler start failed
	at org.apache.catalina.connector.Connector.startInternal(Connector.java:1000)
	at org.apache.catalina.util.LifecycleBase.start(LifecycleBase.java:150)
	... 18 common frames omitted
Caused by: java.net.BindException: Address already in use: bind
	at sun.nio.ch.Net.bind0(Native Method)
	at sun.nio.ch.Net.bind(Net.java:433)
	at sun.nio.ch.Net.bind(Net.java:425)
	at sun.nio.ch.ServerSocketChannelImpl.bind(ServerSocketChannelImpl.java:223)
	at sun.nio.ch.ServerSocketAdaptor.bind(ServerSocketAdaptor.java:74)
	at org.apache.tomcat.util.net.NioEndpoint.bind(NioEndpoint.java:210)
	at org.apache.tomcat.util.net.AbstractEndpoint.start(AbstractEndpoint.java:980)
	at org.apache.coyote.AbstractProtocol.start(AbstractProtocol.java:573)
	at org.apache.catalina.connector.Connector.startInternal(Connector.java:993)
	... 19 common frames omitted
2018-04-05 16:22:36.929 [restartedMain] INFO  o.a.catalina.core.StandardService -Stopping service Tomcat
2018-04-05 16:22:36.989 [restartedMain] INFO  o.s.b.a.l.AutoConfigurationReportLoggingInitializer -

Error starting ApplicationContext. To display the auto-configuration report re-run your application with 'debug' enabled.
2018-04-05 16:22:36.998 [restartedMain] ERROR o.s.b.d.LoggingFailureAnalysisReporter -

***************************
APPLICATION FAILED TO START
***************************

Description:

The Tomcat connector configured to listen on port 8081 failed to start. The port may already be in use or the connector may be misconfigured.

Action:

Verify the connector's configuration, identify and stop any process that's listening on port 8081, or configure this application to listen on another port.

2018-04-05 16:22:37.015 [restartedMain] INFO  o.s.b.c.e.AnnotationConfigEmbeddedWebApplicationContext -Closing org.springframework.boot.context.embedded.AnnotationConfigEmbeddedWebApplicationContext@423d9f86: startup date [Thu Apr 05 16:22:22 CST 2018]; root of context hierarchy
2018-04-05 16:22:37.157 [restartedMain] INFO  o.s.j.e.a.AnnotationMBeanExporter -Unregistering JMX-exposed beans on shutdown
2018-04-05 16:22:37.159 [restartedMain] INFO  o.s.j.e.a.AnnotationMBeanExporter -Unregistering JMX-exposed beans
2018-04-05 16:22:37.162 [restartedMain] INFO  o.s.o.j.LocalContainerEntityManagerFactoryBean -Closing JPA EntityManagerFactory for persistence unit 'default'
2018-04-05 16:22:37.172 [restartedMain] INFO  c.alibaba.druid.pool.DruidDataSource -{dataSource-1} closed
2018-04-05 16:40:51.007 [restartedMain] INFO  c.d.DistributionApplication -Starting DistributionApplication on DESKTOP-QO6Q96V with PID 9892 (E:\wokspace\myproject\distribution_management\target\classes started by huangpu in E:\wokspace\myproject\distribution_management)
2018-04-05 16:40:51.013 [restartedMain] INFO  c.d.DistributionApplication -The following profiles are active: dev
2018-04-05 16:40:51.621 [restartedMain] INFO  o.s.b.c.e.AnnotationConfigEmbeddedWebApplicationContext -Refreshing org.springframework.boot.context.embedded.AnnotationConfigEmbeddedWebApplicationContext@77bcc89a: startup date [Thu Apr 05 16:40:51 CST 2018]; root of context hierarchy
2018-04-05 16:40:54.820 [restartedMain] WARN  o.s.c.a.ConfigurationClassPostProcessor -Cannot enhance @Configuration bean definition 'dataSourceConfig' since its singleton instance has been created too early. The typical cause is a non-static @Bean method with a BeanDefinitionRegistryPostProcessor return type: Consider declaring such methods as 'static'.
2018-04-05 16:40:55.790 [restartedMain] INFO  o.s.c.s.PostProcessorRegistrationDelegate$BeanPostProcessorChecker -Bean 'org.springframework.transaction.annotation.ProxyTransactionManagementConfiguration' of type [org.springframework.transaction.annotation.ProxyTransactionManagementConfiguration$$EnhancerBySpringCGLIB$$37e951b2] is not eligible for getting processed by all BeanPostProcessors (for example: not eligible for auto-proxying)
2018-04-05 16:40:57.125 [restartedMain] INFO  o.s.b.c.e.t.TomcatEmbeddedServletContainer -Tomcat initialized with port(s): 8081 (http)
2018-04-05 16:40:57.149 [restartedMain] INFO  o.a.catalina.core.StandardService -Starting service Tomcat
2018-04-05 16:40:57.153 [restartedMain] INFO  o.a.catalina.core.StandardEngine -Starting Servlet Engine: Apache Tomcat/8.5.11
2018-04-05 16:40:57.361 [localhost-startStop-1] INFO  o.a.c.c.C.[Tomcat].[localhost].[/] -Initializing Spring embedded WebApplicationContext
2018-04-05 16:40:57.362 [localhost-startStop-1] INFO  o.s.web.context.ContextLoader -Root WebApplicationContext: initialization completed in 5740 ms
2018-04-05 16:40:57.707 [localhost-startStop-1] INFO  o.s.b.w.s.ServletRegistrationBean -Mapping servlet: 'dispatcherServlet' to [/]
2018-04-05 16:40:57.715 [localhost-startStop-1] INFO  o.s.b.w.s.FilterRegistrationBean -Mapping filter: 'characterEncodingFilter' to: [/*]
2018-04-05 16:40:57.716 [localhost-startStop-1] INFO  o.s.b.w.s.FilterRegistrationBean -Mapping filter: 'hiddenHttpMethodFilter' to: [/*]
2018-04-05 16:40:57.716 [localhost-startStop-1] INFO  o.s.b.w.s.FilterRegistrationBean -Mapping filter: 'httpPutFormContentFilter' to: [/*]
2018-04-05 16:40:57.717 [localhost-startStop-1] INFO  o.s.b.w.s.FilterRegistrationBean -Mapping filter: 'requestContextFilter' to: [/*]
2018-04-05 16:40:58.074 [restartedMain] INFO  c.alibaba.druid.pool.DruidDataSource -{dataSource-1} inited
2018-04-05 16:40:58.566 [restartedMain] INFO  o.s.o.j.LocalContainerEntityManagerFactoryBean -Building JPA container EntityManagerFactory for persistence unit 'default'
2018-04-05 16:40:58.598 [restartedMain] INFO  o.h.jpa.internal.util.LogHelper -HHH000204: Processing PersistenceUnitInfo [
	name: default
	...]
2018-04-05 16:40:58.772 [restartedMain] INFO  org.hibernate.Version -HHH000412: Hibernate Core {5.0.12.Final}
2018-04-05 16:40:58.776 [restartedMain] INFO  org.hibernate.cfg.Environment -HHH000206: hibernate.properties not found
2018-04-05 16:40:58.781 [restartedMain] INFO  org.hibernate.cfg.Environment -HHH000021: Bytecode provider name : javassist
2018-04-05 16:40:58.908 [restartedMain] INFO  o.h.annotations.common.Version -HCANN000001: Hibernate Commons Annotations {5.0.1.Final}
2018-04-05 16:40:59.278 [restartedMain] INFO  org.hibernate.dialect.Dialect -HHH000400: Using dialect: org.hibernate.dialect.MySQL5Dialect
2018-04-05 16:40:59.751 [restartedMain] INFO  o.s.o.j.LocalContainerEntityManagerFactoryBean -Initialized JPA EntityManagerFactory for persistence unit 'default'
2018-04-05 16:41:00.778 [restartedMain] INFO  o.s.w.s.m.m.a.RequestMappingHandlerAdapter -Looking for @ControllerAdvice: org.springframework.boot.context.embedded.AnnotationConfigEmbeddedWebApplicationContext@77bcc89a: startup date [Thu Apr 05 16:40:51 CST 2018]; root of context hierarchy
2018-04-05 16:41:00.999 [restartedMain] INFO  o.s.w.s.m.m.a.RequestMappingHandlerMapping -Mapped "{[/dismember/list],methods=[GET]}" onto public java.lang.String com.distribution.controller.DisMemberInfoController.list()
2018-04-05 16:41:01.004 [restartedMain] INFO  o.s.w.s.m.m.a.RequestMappingHandlerMapping -Mapped "{[/dismember/insert],methods=[GET]}" onto public java.lang.String com.distribution.controller.DisMemberInfoController.insert(javax.servlet.http.HttpServletRequest)
2018-04-05 16:41:01.007 [restartedMain] INFO  o.s.w.s.m.m.a.RequestMappingHandlerMapping -Mapped "{[/dismember/detail/{id}],methods=[GET]}" onto public java.lang.String com.distribution.controller.DisMemberInfoController.detail(javax.servlet.http.HttpServletRequest,java.lang.String)
2018-04-05 16:41:01.010 [restartedMain] INFO  o.s.w.s.m.m.a.RequestMappingHandlerMapping -Mapped "{[/dismember/list],methods=[POST]}" onto public com.distribution.common.util.InvokeResult com.distribution.controller.DisMemberInfoController.listPost(com.distribution.common.model.DisMemberInfo)
2018-04-05 16:41:01.012 [restartedMain] INFO  o.s.w.s.m.m.a.RequestMappingHandlerMapping -Mapped "{[/dismember/insert],methods=[POST]}" onto public com.distribution.common.util.InvokeResult com.distribution.controller.DisMemberInfoController.insertpost(com.distribution.common.model.DisMemberInfo)
2018-04-05 16:41:01.013 [restartedMain] INFO  o.s.w.s.m.m.a.RequestMappingHandlerMapping -Mapped "{[/dismember/nodeList],methods=[POST]}" onto public java.lang.String com.distribution.controller.DisMemberInfoController.nodeList(java.lang.String)
2018-04-05 16:41:01.021 [restartedMain] INFO  o.s.w.s.m.m.a.RequestMappingHandlerMapping -Mapped "{[/dispro/add],methods=[GET]}" onto public java.lang.String com.distribution.controller.DisProfiParamController.add(javax.servlet.http.HttpServletRequest)
2018-04-05 16:41:01.024 [restartedMain] INFO  o.s.w.s.m.m.a.RequestMappingHandlerMapping -Mapped "{[/dispro/list],methods=[GET]}" onto public java.lang.String com.distribution.controller.DisProfiParamController.list()
2018-04-05 16:41:01.025 [restartedMain] INFO  o.s.w.s.m.m.a.RequestMappingHandlerMapping -Mapped "{[/dispro/list],methods=[POST]}" onto public com.distribution.common.util.InvokeResult com.distribution.controller.DisProfiParamController.listPost(javax.servlet.http.HttpServletRequest,com.distribution.common.model.DisProfiParam)
2018-04-05 16:41:01.026 [restartedMain] INFO  o.s.w.s.m.m.a.RequestMappingHandlerMapping -Mapped "{[/dispro/add],methods=[POST]}" onto public com.distribution.common.util.InvokeResult com.distribution.controller.DisProfiParamController.addPost(com.distribution.common.model.DisProfiParam)
2018-04-05 16:41:01.030 [restartedMain] INFO  o.s.w.s.m.m.a.RequestMappingHandlerMapping -Mapped "{[/disProfit/add],methods=[GET]}" onto public java.lang.String com.distribution.controller.DisProfitRecordController.add(javax.servlet.http.HttpServletRequest)
2018-04-05 16:41:01.032 [restartedMain] INFO  o.s.w.s.m.m.a.RequestMappingHandlerMapping -Mapped "{[/disProfit/list],methods=[GET]}" onto public java.lang.String com.distribution.controller.DisProfitRecordController.list()
2018-04-05 16:41:01.033 [restartedMain] INFO  o.s.w.s.m.m.a.RequestMappingHandlerMapping -Mapped "{[/disProfit/list],methods=[POST]}" onto public com.distribution.common.util.InvokeResult com.distribution.controller.DisProfitRecordController.listPost(com.distribution.common.model.DisProfitRecord)
2018-04-05 16:41:01.035 [restartedMain] INFO  o.s.w.s.m.m.a.RequestMappingHandlerMapping -Mapped "{[/disProfit/add],methods=[POST]}" onto public com.distribution.common.util.InvokeResult com.distribution.controller.DisProfitRecordController.addPost(com.distribution.model.DisProfitRecordVo)
2018-04-05 16:41:01.037 [restartedMain] INFO  o.s.w.s.m.m.a.RequestMappingHandlerMapping -Mapped "{[/index || ],methods=[GET]}" onto public java.lang.String com.distribution.controller.IndexController.test()
2018-04-05 16:41:01.042 [restartedMain] INFO  o.s.w.s.m.m.a.RequestMappingHandlerMapping -Mapped "{[/error]}" onto public org.springframework.http.ResponseEntity<java.util.Map<java.lang.String, java.lang.Object>> org.springframework.boot.autoconfigure.web.BasicErrorController.error(javax.servlet.http.HttpServletRequest)
2018-04-05 16:41:01.044 [restartedMain] INFO  o.s.w.s.m.m.a.RequestMappingHandlerMapping -Mapped "{[/error],produces=[text/html]}" onto public org.springframework.web.servlet.ModelAndView org.springframework.boot.autoconfigure.web.BasicErrorController.errorHtml(javax.servlet.http.HttpServletRequest,javax.servlet.http.HttpServletResponse)
2018-04-05 16:41:01.126 [restartedMain] INFO  o.s.w.s.h.SimpleUrlHandlerMapping -Mapped URL path [/webjars/**] onto handler of type [class org.springframework.web.servlet.resource.ResourceHttpRequestHandler]
2018-04-05 16:41:01.128 [restartedMain] INFO  o.s.w.s.h.SimpleUrlHandlerMapping -Mapped URL path [/**] onto handler of type [class org.springframework.web.servlet.resource.ResourceHttpRequestHandler]
2018-04-05 16:41:01.205 [restartedMain] INFO  o.s.w.s.h.SimpleUrlHandlerMapping -Mapped URL path [/**/favicon.ico] onto handler of type [class org.springframework.web.servlet.resource.ResourceHttpRequestHandler]
2018-04-05 16:41:01.337 [restartedMain] WARN  o.t.templatemode.TemplateMode -[THYMELEAF][restartedMain] Template Mode 'HTML5' is deprecated. Using Template Mode 'HTML' instead.
2018-04-05 16:41:02.940 [restartedMain] WARN  o.s.b.d.a.OptionalLiveReloadServer -Unable to start LiveReload server
2018-04-05 16:41:03.313 [restartedMain] INFO  o.s.j.e.a.AnnotationMBeanExporter -Registering beans for JMX exposure on startup
2018-04-05 16:41:03.317 [restartedMain] INFO  o.s.j.e.a.AnnotationMBeanExporter -Bean with name 'getDataSource' has been autodetected for JMX exposure
2018-04-05 16:41:03.326 [restartedMain] INFO  o.s.j.e.a.AnnotationMBeanExporter -Located MBean 'getDataSource': registering with JMX server as MBean [com.alibaba.druid.pool:name=getDataSource,type=DruidDataSource]
2018-04-05 16:41:03.395 [restartedMain] ERROR o.a.coyote.http11.Http11NioProtocol -Failed to start end point associated with ProtocolHandler [http-nio-8081]
java.net.BindException: Address already in use: bind
	at sun.nio.ch.Net.bind0(Native Method)
	at sun.nio.ch.Net.bind(Net.java:433)
	at sun.nio.ch.Net.bind(Net.java:425)
	at sun.nio.ch.ServerSocketChannelImpl.bind(ServerSocketChannelImpl.java:223)
	at sun.nio.ch.ServerSocketAdaptor.bind(ServerSocketAdaptor.java:74)
	at org.apache.tomcat.util.net.NioEndpoint.bind(NioEndpoint.java:210)
	at org.apache.tomcat.util.net.AbstractEndpoint.start(AbstractEndpoint.java:980)
	at org.apache.coyote.AbstractProtocol.start(AbstractProtocol.java:573)
	at org.apache.catalina.connector.Connector.startInternal(Connector.java:993)
	at org.apache.catalina.util.LifecycleBase.start(LifecycleBase.java:150)
	at org.apache.catalina.core.StandardService.addConnector(StandardService.java:225)
	at org.springframework.boot.context.embedded.tomcat.TomcatEmbeddedServletContainer.addPreviouslyRemovedConnectors(TomcatEmbeddedServletContainer.java:247)
	at org.springframework.boot.context.embedded.tomcat.TomcatEmbeddedServletContainer.start(TomcatEmbeddedServletContainer.java:190)
	at org.springframework.boot.context.embedded.EmbeddedWebApplicationContext.startEmbeddedServletContainer(EmbeddedWebApplicationContext.java:297)
	at org.springframework.boot.context.embedded.EmbeddedWebApplicationContext.finishRefresh(EmbeddedWebApplicationContext.java:145)
	at org.springframework.context.support.AbstractApplicationContext.refresh(AbstractApplicationContext.java:545)
	at org.springframework.boot.context.embedded.EmbeddedWebApplicationContext.refresh(EmbeddedWebApplicationContext.java:122)
	at org.springframework.boot.SpringApplication.refresh(SpringApplication.java:737)
	at org.springframework.boot.SpringApplication.refreshContext(SpringApplication.java:370)
	at org.springframework.boot.SpringApplication.run(SpringApplication.java:314)
	at org.springframework.boot.SpringApplication.run(SpringApplication.java:1162)
	at org.springframework.boot.SpringApplication.run(SpringApplication.java:1151)
	at com.distribution.DistributionApplication.main(DistributionApplication.java:15)
	at sun.reflect.NativeMethodAccessorImpl.invoke0(Native Method)
	at sun.reflect.NativeMethodAccessorImpl.invoke(NativeMethodAccessorImpl.java:62)
	at sun.reflect.DelegatingMethodAccessorImpl.invoke(DelegatingMethodAccessorImpl.java:43)
	at java.lang.reflect.Method.invoke(Method.java:498)
	at org.springframework.boot.devtools.restart.RestartLauncher.run(RestartLauncher.java:49)
2018-04-05 16:41:03.398 [restartedMain] ERROR o.a.catalina.core.StandardService -Failed to start connector [Connector[HTTP/1.1-8081]]
org.apache.catalina.LifecycleException: Failed to start component [Connector[HTTP/1.1-8081]]
	at org.apache.catalina.util.LifecycleBase.start(LifecycleBase.java:167)
	at org.apache.catalina.core.StandardService.addConnector(StandardService.java:225)
	at org.springframework.boot.context.embedded.tomcat.TomcatEmbeddedServletContainer.addPreviouslyRemovedConnectors(TomcatEmbeddedServletContainer.java:247)
	at org.springframework.boot.context.embedded.tomcat.TomcatEmbeddedServletContainer.start(TomcatEmbeddedServletContainer.java:190)
	at org.springframework.boot.context.embedded.EmbeddedWebApplicationContext.startEmbeddedServletContainer(EmbeddedWebApplicationContext.java:297)
	at org.springframework.boot.context.embedded.EmbeddedWebApplicationContext.finishRefresh(EmbeddedWebApplicationContext.java:145)
	at org.springframework.context.support.AbstractApplicationContext.refresh(AbstractApplicationContext.java:545)
	at org.springframework.boot.context.embedded.EmbeddedWebApplicationContext.refresh(EmbeddedWebApplicationContext.java:122)
	at org.springframework.boot.SpringApplication.refresh(SpringApplication.java:737)
	at org.springframework.boot.SpringApplication.refreshContext(SpringApplication.java:370)
	at org.springframework.boot.SpringApplication.run(SpringApplication.java:314)
	at org.springframework.boot.SpringApplication.run(SpringApplication.java:1162)
	at org.springframework.boot.SpringApplication.run(SpringApplication.java:1151)
	at com.distribution.DistributionApplication.main(DistributionApplication.java:15)
	at sun.reflect.NativeMethodAccessorImpl.invoke0(Native Method)
	at sun.reflect.NativeMethodAccessorImpl.invoke(NativeMethodAccessorImpl.java:62)
	at sun.reflect.DelegatingMethodAccessorImpl.invoke(DelegatingMethodAccessorImpl.java:43)
	at java.lang.reflect.Method.invoke(Method.java:498)
	at org.springframework.boot.devtools.restart.RestartLauncher.run(RestartLauncher.java:49)
Caused by: org.apache.catalina.LifecycleException: service.getName(): "Tomcat";  Protocol handler start failed
	at org.apache.catalina.connector.Connector.startInternal(Connector.java:1000)
	at org.apache.catalina.util.LifecycleBase.start(LifecycleBase.java:150)
	... 18 common frames omitted
Caused by: java.net.BindException: Address already in use: bind
	at sun.nio.ch.Net.bind0(Native Method)
	at sun.nio.ch.Net.bind(Net.java:433)
	at sun.nio.ch.Net.bind(Net.java:425)
	at sun.nio.ch.ServerSocketChannelImpl.bind(ServerSocketChannelImpl.java:223)
	at sun.nio.ch.ServerSocketAdaptor.bind(ServerSocketAdaptor.java:74)
	at org.apache.tomcat.util.net.NioEndpoint.bind(NioEndpoint.java:210)
	at org.apache.tomcat.util.net.AbstractEndpoint.start(AbstractEndpoint.java:980)
	at org.apache.coyote.AbstractProtocol.start(AbstractProtocol.java:573)
	at org.apache.catalina.connector.Connector.startInternal(Connector.java:993)
	... 19 common frames omitted
2018-04-05 16:41:03.417 [restartedMain] INFO  o.a.catalina.core.StandardService -Stopping service Tomcat
2018-04-05 16:41:03.441 [restartedMain] INFO  o.s.b.a.l.AutoConfigurationReportLoggingInitializer -

Error starting ApplicationContext. To display the auto-configuration report re-run your application with 'debug' enabled.
2018-04-05 16:41:03.450 [restartedMain] ERROR o.s.b.d.LoggingFailureAnalysisReporter -

***************************
APPLICATION FAILED TO START
***************************

Description:

The Tomcat connector configured to listen on port 8081 failed to start. The port may already be in use or the connector may be misconfigured.

Action:

Verify the connector's configuration, identify and stop any process that's listening on port 8081, or configure this application to listen on another port.

2018-04-05 16:41:03.453 [restartedMain] INFO  o.s.b.c.e.AnnotationConfigEmbeddedWebApplicationContext -Closing org.springframework.boot.context.embedded.AnnotationConfigEmbeddedWebApplicationContext@77bcc89a: startup date [Thu Apr 05 16:40:51 CST 2018]; root of context hierarchy
2018-04-05 16:41:03.457 [restartedMain] INFO  o.s.j.e.a.AnnotationMBeanExporter -Unregistering JMX-exposed beans on shutdown
2018-04-05 16:41:03.458 [restartedMain] INFO  o.s.j.e.a.AnnotationMBeanExporter -Unregistering JMX-exposed beans
2018-04-05 16:41:03.459 [restartedMain] INFO  o.s.o.j.LocalContainerEntityManagerFactoryBean -Closing JPA EntityManagerFactory for persistence unit 'default'
2018-04-05 16:41:03.467 [restartedMain] INFO  c.alibaba.druid.pool.DruidDataSource -{dataSource-1} closed
2018-04-05 16:42:06.793 [restartedMain] INFO  c.d.DistributionApplication -Starting DistributionApplication on DESKTOP-QO6Q96V with PID 21132 (E:\wokspace\myproject\distribution_management\target\classes started by huangpu in E:\wokspace\myproject\distribution_management)
2018-04-05 16:42:06.804 [restartedMain] INFO  c.d.DistributionApplication -The following profiles are active: dev
2018-04-05 16:42:07.617 [restartedMain] INFO  o.s.b.c.e.AnnotationConfigEmbeddedWebApplicationContext -Refreshing org.springframework.boot.context.embedded.AnnotationConfigEmbeddedWebApplicationContext@7b1674a8: startup date [Thu Apr 05 16:42:07 CST 2018]; root of context hierarchy
2018-04-05 16:42:10.500 [restartedMain] WARN  o.s.c.a.ConfigurationClassPostProcessor -Cannot enhance @Configuration bean definition 'dataSourceConfig' since its singleton instance has been created too early. The typical cause is a non-static @Bean method with a BeanDefinitionRegistryPostProcessor return type: Consider declaring such methods as 'static'.
2018-04-05 16:42:11.331 [restartedMain] INFO  o.s.c.s.PostProcessorRegistrationDelegate$BeanPostProcessorChecker -Bean 'org.springframework.transaction.annotation.ProxyTransactionManagementConfiguration' of type [org.springframework.transaction.annotation.ProxyTransactionManagementConfiguration$$EnhancerBySpringCGLIB$$af53320f] is not eligible for getting processed by all BeanPostProcessors (for example: not eligible for auto-proxying)
2018-04-05 16:42:12.606 [restartedMain] INFO  o.s.b.c.e.t.TomcatEmbeddedServletContainer -Tomcat initialized with port(s): 8081 (http)
2018-04-05 16:42:12.627 [restartedMain] INFO  o.a.catalina.core.StandardService -Starting service Tomcat
2018-04-05 16:42:12.630 [restartedMain] INFO  o.a.catalina.core.StandardEngine -Starting Servlet Engine: Apache Tomcat/8.5.11
2018-04-05 16:42:12.851 [localhost-startStop-1] INFO  o.a.c.c.C.[Tomcat].[localhost].[/] -Initializing Spring embedded WebApplicationContext
2018-04-05 16:42:12.852 [localhost-startStop-1] INFO  o.s.web.context.ContextLoader -Root WebApplicationContext: initialization completed in 5235 ms
2018-04-05 16:42:13.261 [localhost-startStop-1] INFO  o.s.b.w.s.ServletRegistrationBean -Mapping servlet: 'dispatcherServlet' to [/]
2018-04-05 16:42:13.267 [localhost-startStop-1] INFO  o.s.b.w.s.FilterRegistrationBean -Mapping filter: 'characterEncodingFilter' to: [/*]
2018-04-05 16:42:13.269 [localhost-startStop-1] INFO  o.s.b.w.s.FilterRegistrationBean -Mapping filter: 'hiddenHttpMethodFilter' to: [/*]
2018-04-05 16:42:13.270 [localhost-startStop-1] INFO  o.s.b.w.s.FilterRegistrationBean -Mapping filter: 'httpPutFormContentFilter' to: [/*]
2018-04-05 16:42:13.270 [localhost-startStop-1] INFO  o.s.b.w.s.FilterRegistrationBean -Mapping filter: 'requestContextFilter' to: [/*]
2018-04-05 16:42:13.520 [restartedMain] INFO  c.alibaba.druid.pool.DruidDataSource -{dataSource-1} inited
2018-04-05 16:42:14.084 [restartedMain] INFO  o.s.o.j.LocalContainerEntityManagerFactoryBean -Building JPA container EntityManagerFactory for persistence unit 'default'
2018-04-05 16:42:14.121 [restartedMain] INFO  o.h.jpa.internal.util.LogHelper -HHH000204: Processing PersistenceUnitInfo [
	name: default
	...]
2018-04-05 16:42:14.343 [restartedMain] INFO  org.hibernate.Version -HHH000412: Hibernate Core {5.0.12.Final}
2018-04-05 16:42:14.349 [restartedMain] INFO  org.hibernate.cfg.Environment -HHH000206: hibernate.properties not found
2018-04-05 16:42:14.355 [restartedMain] INFO  org.hibernate.cfg.Environment -HHH000021: Bytecode provider name : javassist
2018-04-05 16:42:14.443 [restartedMain] INFO  o.h.annotations.common.Version -HCANN000001: Hibernate Commons Annotations {5.0.1.Final}
2018-04-05 16:42:14.719 [restartedMain] INFO  org.hibernate.dialect.Dialect -HHH000400: Using dialect: org.hibernate.dialect.MySQL5Dialect
2018-04-05 16:42:15.162 [restartedMain] INFO  o.s.o.j.LocalContainerEntityManagerFactoryBean -Initialized JPA EntityManagerFactory for persistence unit 'default'
2018-04-05 16:42:16.031 [restartedMain] INFO  o.s.w.s.m.m.a.RequestMappingHandlerAdapter -Looking for @ControllerAdvice: org.springframework.boot.context.embedded.AnnotationConfigEmbeddedWebApplicationContext@7b1674a8: startup date [Thu Apr 05 16:42:07 CST 2018]; root of context hierarchy
2018-04-05 16:42:16.203 [restartedMain] INFO  o.s.w.s.m.m.a.RequestMappingHandlerMapping -Mapped "{[/dismember/list],methods=[GET]}" onto public java.lang.String com.distribution.controller.DisMemberInfoController.list()
2018-04-05 16:42:16.207 [restartedMain] INFO  o.s.w.s.m.m.a.RequestMappingHandlerMapping -Mapped "{[/dismember/insert],methods=[GET]}" onto public java.lang.String com.distribution.controller.DisMemberInfoController.insert(javax.servlet.http.HttpServletRequest)
2018-04-05 16:42:16.209 [restartedMain] INFO  o.s.w.s.m.m.a.RequestMappingHandlerMapping -Mapped "{[/dismember/detail/{id}],methods=[GET]}" onto public java.lang.String com.distribution.controller.DisMemberInfoController.detail(javax.servlet.http.HttpServletRequest,java.lang.String)
2018-04-05 16:42:16.210 [restartedMain] INFO  o.s.w.s.m.m.a.RequestMappingHandlerMapping -Mapped "{[/dismember/list],methods=[POST]}" onto public com.distribution.common.util.InvokeResult com.distribution.controller.DisMemberInfoController.listPost(com.distribution.common.model.DisMemberInfo)
2018-04-05 16:42:16.211 [restartedMain] INFO  o.s.w.s.m.m.a.RequestMappingHandlerMapping -Mapped "{[/dismember/nodeList],methods=[POST]}" onto public java.lang.String com.distribution.controller.DisMemberInfoController.nodeList(java.lang.String)
2018-04-05 16:42:16.211 [restartedMain] INFO  o.s.w.s.m.m.a.RequestMappingHandlerMapping -Mapped "{[/dismember/insert],methods=[POST]}" onto public com.distribution.common.util.InvokeResult com.distribution.controller.DisMemberInfoController.insertpost(com.distribution.common.model.DisMemberInfo)
2018-04-05 16:42:16.214 [restartedMain] INFO  o.s.w.s.m.m.a.RequestMappingHandlerMapping -Mapped "{[/dispro/add],methods=[GET]}" onto public java.lang.String com.distribution.controller.DisProfiParamController.add(javax.servlet.http.HttpServletRequest)
2018-04-05 16:42:16.217 [restartedMain] INFO  o.s.w.s.m.m.a.RequestMappingHandlerMapping -Mapped "{[/dispro/list],methods=[GET]}" onto public java.lang.String com.distribution.controller.DisProfiParamController.list()
2018-04-05 16:42:16.220 [restartedMain] INFO  o.s.w.s.m.m.a.RequestMappingHandlerMapping -Mapped "{[/dispro/add],methods=[POST]}" onto public com.distribution.common.util.InvokeResult com.distribution.controller.DisProfiParamController.addPost(com.distribution.common.model.DisProfiParam)
2018-04-05 16:42:16.220 [restartedMain] INFO  o.s.w.s.m.m.a.RequestMappingHandlerMapping -Mapped "{[/dispro/list],methods=[POST]}" onto public com.distribution.common.util.InvokeResult com.distribution.controller.DisProfiParamController.listPost(javax.servlet.http.HttpServletRequest,com.distribution.common.model.DisProfiParam)
2018-04-05 16:42:16.223 [restartedMain] INFO  o.s.w.s.m.m.a.RequestMappingHandlerMapping -Mapped "{[/disProfit/add],methods=[GET]}" onto public java.lang.String com.distribution.controller.DisProfitRecordController.add(javax.servlet.http.HttpServletRequest)
2018-04-05 16:42:16.224 [restartedMain] INFO  o.s.w.s.m.m.a.RequestMappingHandlerMapping -Mapped "{[/disProfit/list],methods=[GET]}" onto public java.lang.String com.distribution.controller.DisProfitRecordController.list()
2018-04-05 16:42:16.224 [restartedMain] INFO  o.s.w.s.m.m.a.RequestMappingHandlerMapping -Mapped "{[/disProfit/add],methods=[POST]}" onto public com.distribution.common.util.InvokeResult com.distribution.controller.DisProfitRecordController.addPost(com.distribution.model.DisProfitRecordVo)
2018-04-05 16:42:16.225 [restartedMain] INFO  o.s.w.s.m.m.a.RequestMappingHandlerMapping -Mapped "{[/disProfit/list],methods=[POST]}" onto public com.distribution.common.util.InvokeResult com.distribution.controller.DisProfitRecordController.listPost(com.distribution.common.model.DisProfitRecord)
2018-04-05 16:42:16.226 [restartedMain] INFO  o.s.w.s.m.m.a.RequestMappingHandlerMapping -Mapped "{[/index || ],methods=[GET]}" onto public java.lang.String com.distribution.controller.IndexController.test()
2018-04-05 16:42:16.229 [restartedMain] INFO  o.s.w.s.m.m.a.RequestMappingHandlerMapping -Mapped "{[/error]}" onto public org.springframework.http.ResponseEntity<java.util.Map<java.lang.String, java.lang.Object>> org.springframework.boot.autoconfigure.web.BasicErrorController.error(javax.servlet.http.HttpServletRequest)
2018-04-05 16:42:16.230 [restartedMain] INFO  o.s.w.s.m.m.a.RequestMappingHandlerMapping -Mapped "{[/error],produces=[text/html]}" onto public org.springframework.web.servlet.ModelAndView org.springframework.boot.autoconfigure.web.BasicErrorController.errorHtml(javax.servlet.http.HttpServletRequest,javax.servlet.http.HttpServletResponse)
2018-04-05 16:42:16.294 [restartedMain] INFO  o.s.w.s.h.SimpleUrlHandlerMapping -Mapped URL path [/webjars/**] onto handler of type [class org.springframework.web.servlet.resource.ResourceHttpRequestHandler]
2018-04-05 16:42:16.295 [restartedMain] INFO  o.s.w.s.h.SimpleUrlHandlerMapping -Mapped URL path [/**] onto handler of type [class org.springframework.web.servlet.resource.ResourceHttpRequestHandler]
2018-04-05 16:42:16.381 [restartedMain] INFO  o.s.w.s.h.SimpleUrlHandlerMapping -Mapped URL path [/**/favicon.ico] onto handler of type [class org.springframework.web.servlet.resource.ResourceHttpRequestHandler]
2018-04-05 16:42:16.511 [restartedMain] WARN  o.t.templatemode.TemplateMode -[THYMELEAF][restartedMain] Template Mode 'HTML5' is deprecated. Using Template Mode 'HTML' instead.
2018-04-05 16:42:18.061 [restartedMain] WARN  o.s.b.d.a.OptionalLiveReloadServer -Unable to start LiveReload server
2018-04-05 16:42:18.359 [restartedMain] INFO  o.s.j.e.a.AnnotationMBeanExporter -Registering beans for JMX exposure on startup
2018-04-05 16:42:18.362 [restartedMain] INFO  o.s.j.e.a.AnnotationMBeanExporter -Bean with name 'getDataSource' has been autodetected for JMX exposure
2018-04-05 16:42:18.370 [restartedMain] INFO  o.s.j.e.a.AnnotationMBeanExporter -Located MBean 'getDataSource': registering with JMX server as MBean [com.alibaba.druid.pool:name=getDataSource,type=DruidDataSource]
2018-04-05 16:42:18.478 [restartedMain] INFO  o.s.b.c.e.t.TomcatEmbeddedServletContainer -Tomcat started on port(s): 8081 (http)
2018-04-05 16:42:18.489 [restartedMain] INFO  c.d.DistributionApplication -Started DistributionApplication in 12.934 seconds (JVM running for 14.483)
2018-04-05 16:42:28.594 [http-nio-8081-exec-1] INFO  o.a.c.c.C.[Tomcat].[localhost].[/] -Initializing Spring FrameworkServlet 'dispatcherServlet'
2018-04-05 16:42:28.596 [http-nio-8081-exec-1] INFO  o.s.web.servlet.DispatcherServlet -FrameworkServlet 'dispatcherServlet': initialization started
2018-04-05 16:42:28.650 [http-nio-8081-exec-1] INFO  o.s.web.servlet.DispatcherServlet -FrameworkServlet 'dispatcherServlet': initialization completed in 53 ms
2018-04-05 20:07:35.110 [restartedMain] INFO  c.d.DistributionApplication -Starting DistributionApplication on DESKTOP-QO6Q96V with PID 23700 (E:\wokspace\myproject\distribution_management\target\classes started by huangpu in E:\wokspace\myproject\distribution_management)
2018-04-05 20:07:35.138 [restartedMain] INFO  c.d.DistributionApplication -The following profiles are active: dev
2018-04-05 20:07:35.642 [restartedMain] INFO  o.s.b.c.e.AnnotationConfigEmbeddedWebApplicationContext -Refreshing org.springframework.boot.context.embedded.AnnotationConfigEmbeddedWebApplicationContext@382c2d16: startup date [Thu Apr 05 20:07:35 CST 2018]; root of context hierarchy
2018-04-05 20:07:38.075 [restartedMain] WARN  o.s.c.a.ConfigurationClassPostProcessor -Cannot enhance @Configuration bean definition 'dataSourceConfig' since its singleton instance has been created too early. The typical cause is a non-static @Bean method with a BeanDefinitionRegistryPostProcessor return type: Consider declaring such methods as 'static'.
2018-04-05 20:07:38.611 [restartedMain] INFO  o.s.c.s.PostProcessorRegistrationDelegate$BeanPostProcessorChecker -Bean 'org.springframework.transaction.annotation.ProxyTransactionManagementConfiguration' of type [org.springframework.transaction.annotation.ProxyTransactionManagementConfiguration$$EnhancerBySpringCGLIB$$146b47bb] is not eligible for getting processed by all BeanPostProcessors (for example: not eligible for auto-proxying)
2018-04-05 20:07:39.527 [restartedMain] INFO  o.s.b.c.e.t.TomcatEmbeddedServletContainer -Tomcat initialized with port(s): 8081 (http)
2018-04-05 20:07:39.541 [restartedMain] INFO  o.a.catalina.core.StandardService -Starting service Tomcat
2018-04-05 20:07:39.544 [restartedMain] INFO  o.a.catalina.core.StandardEngine -Starting Servlet Engine: Apache Tomcat/8.5.11
2018-04-05 20:07:39.711 [localhost-startStop-1] INFO  o.a.c.c.C.[Tomcat].[localhost].[/] -Initializing Spring embedded WebApplicationContext
2018-04-05 20:07:39.712 [localhost-startStop-1] INFO  o.s.web.context.ContextLoader -Root WebApplicationContext: initialization completed in 4070 ms
2018-04-05 20:07:39.943 [localhost-startStop-1] INFO  o.s.b.w.s.ServletRegistrationBean -Mapping servlet: 'dispatcherServlet' to [/]
2018-04-05 20:07:39.947 [localhost-startStop-1] INFO  o.s.b.w.s.FilterRegistrationBean -Mapping filter: 'characterEncodingFilter' to: [/*]
2018-04-05 20:07:39.950 [localhost-startStop-1] INFO  o.s.b.w.s.FilterRegistrationBean -Mapping filter: 'hiddenHttpMethodFilter' to: [/*]
2018-04-05 20:07:39.950 [localhost-startStop-1] INFO  o.s.b.w.s.FilterRegistrationBean -Mapping filter: 'httpPutFormContentFilter' to: [/*]
2018-04-05 20:07:39.951 [localhost-startStop-1] INFO  o.s.b.w.s.FilterRegistrationBean -Mapping filter: 'requestContextFilter' to: [/*]
2018-04-05 20:07:40.186 [restartedMain] INFO  c.alibaba.druid.pool.DruidDataSource -{dataSource-1} inited
2018-04-05 20:07:40.532 [restartedMain] INFO  o.s.o.j.LocalContainerEntityManagerFactoryBean -Building JPA container EntityManagerFactory for persistence unit 'default'
2018-04-05 20:07:40.564 [restartedMain] INFO  o.h.jpa.internal.util.LogHelper -HHH000204: Processing PersistenceUnitInfo [
	name: default
	...]
2018-04-05 20:07:40.730 [restartedMain] INFO  org.hibernate.Version -HHH000412: Hibernate Core {5.0.12.Final}
2018-04-05 20:07:40.732 [restartedMain] INFO  org.hibernate.cfg.Environment -HHH000206: hibernate.properties not found
2018-04-05 20:07:40.734 [restartedMain] INFO  org.hibernate.cfg.Environment -HHH000021: Bytecode provider name : javassist
2018-04-05 20:07:40.804 [restartedMain] INFO  o.h.annotations.common.Version -HCANN000001: Hibernate Commons Annotations {5.0.1.Final}
2018-04-05 20:07:41.089 [restartedMain] INFO  org.hibernate.dialect.Dialect -HHH000400: Using dialect: org.hibernate.dialect.MySQL5Dialect
2018-04-05 20:07:41.440 [restartedMain] INFO  o.s.o.j.LocalContainerEntityManagerFactoryBean -Initialized JPA EntityManagerFactory for persistence unit 'default'
2018-04-05 20:07:41.997 [restartedMain] INFO  o.s.w.s.m.m.a.RequestMappingHandlerAdapter -Looking for @ControllerAdvice: org.springframework.boot.context.embedded.AnnotationConfigEmbeddedWebApplicationContext@382c2d16: startup date [Thu Apr 05 20:07:35 CST 2018]; root of context hierarchy
2018-04-05 20:07:42.115 [restartedMain] INFO  o.s.w.s.m.m.a.RequestMappingHandlerMapping -Mapped "{[/dismember/list],methods=[GET]}" onto public java.lang.String com.distribution.controller.DisMemberInfoController.list()
2018-04-05 20:07:42.116 [restartedMain] INFO  o.s.w.s.m.m.a.RequestMappingHandlerMapping -Mapped "{[/dismember/insert],methods=[GET]}" onto public java.lang.String com.distribution.controller.DisMemberInfoController.insert(javax.servlet.http.HttpServletRequest)
2018-04-05 20:07:42.117 [restartedMain] INFO  o.s.w.s.m.m.a.RequestMappingHandlerMapping -Mapped "{[/dismember/detail/{id}],methods=[GET]}" onto public java.lang.String com.distribution.controller.DisMemberInfoController.detail(javax.servlet.http.HttpServletRequest,java.lang.String)
2018-04-05 20:07:42.118 [restartedMain] INFO  o.s.w.s.m.m.a.RequestMappingHandlerMapping -Mapped "{[/dismember/nodeList],methods=[POST]}" onto public java.lang.String com.distribution.controller.DisMemberInfoController.nodeList(java.lang.String)
2018-04-05 20:07:42.119 [restartedMain] INFO  o.s.w.s.m.m.a.RequestMappingHandlerMapping -Mapped "{[/dismember/insert],methods=[POST]}" onto public com.distribution.common.util.InvokeResult com.distribution.controller.DisMemberInfoController.insertpost(com.distribution.common.model.DisMemberInfo)
2018-04-05 20:07:42.119 [restartedMain] INFO  o.s.w.s.m.m.a.RequestMappingHandlerMapping -Mapped "{[/dismember/list],methods=[POST]}" onto public com.distribution.common.util.InvokeResult com.distribution.controller.DisMemberInfoController.listPost(com.distribution.common.model.DisMemberInfo)
2018-04-05 20:07:42.121 [restartedMain] INFO  o.s.w.s.m.m.a.RequestMappingHandlerMapping -Mapped "{[/dispro/add],methods=[GET]}" onto public java.lang.String com.distribution.controller.DisProfiParamController.add(javax.servlet.http.HttpServletRequest)
2018-04-05 20:07:42.123 [restartedMain] INFO  o.s.w.s.m.m.a.RequestMappingHandlerMapping -Mapped "{[/dispro/list],methods=[GET]}" onto public java.lang.String com.distribution.controller.DisProfiParamController.list()
2018-04-05 20:07:42.124 [restartedMain] INFO  o.s.w.s.m.m.a.RequestMappingHandlerMapping -Mapped "{[/dispro/add],methods=[POST]}" onto public com.distribution.common.util.InvokeResult com.distribution.controller.DisProfiParamController.addPost(com.distribution.common.model.DisProfiParam)
2018-04-05 20:07:42.125 [restartedMain] INFO  o.s.w.s.m.m.a.RequestMappingHandlerMapping -Mapped "{[/dispro/list],methods=[POST]}" onto public com.distribution.common.util.InvokeResult com.distribution.controller.DisProfiParamController.listPost(javax.servlet.http.HttpServletRequest,com.distribution.common.model.DisProfiParam)
2018-04-05 20:07:42.128 [restartedMain] INFO  o.s.w.s.m.m.a.RequestMappingHandlerMapping -Mapped "{[/disProfit/add],methods=[GET]}" onto public java.lang.String com.distribution.controller.DisProfitRecordController.add(javax.servlet.http.HttpServletRequest)
2018-04-05 20:07:42.129 [restartedMain] INFO  o.s.w.s.m.m.a.RequestMappingHandlerMapping -Mapped "{[/disProfit/list],methods=[GET]}" onto public java.lang.String com.distribution.controller.DisProfitRecordController.list()
2018-04-05 20:07:42.130 [restartedMain] INFO  o.s.w.s.m.m.a.RequestMappingHandlerMapping -Mapped "{[/disProfit/add],methods=[POST]}" onto public com.distribution.common.util.InvokeResult com.distribution.controller.DisProfitRecordController.addPost(com.distribution.model.DisProfitRecordVo)
2018-04-05 20:07:42.130 [restartedMain] INFO  o.s.w.s.m.m.a.RequestMappingHandlerMapping -Mapped "{[/disProfit/list],methods=[POST]}" onto public com.distribution.common.util.InvokeResult com.distribution.controller.DisProfitRecordController.listPost(com.distribution.common.model.DisProfitRecord)
2018-04-05 20:07:42.131 [restartedMain] INFO  o.s.w.s.m.m.a.RequestMappingHandlerMapping -Mapped "{[/index || ],methods=[GET]}" onto public java.lang.String com.distribution.controller.IndexController.test()
2018-04-05 20:07:42.135 [restartedMain] INFO  o.s.w.s.m.m.a.RequestMappingHandlerMapping -Mapped "{[/error]}" onto public org.springframework.http.ResponseEntity<java.util.Map<java.lang.String, java.lang.Object>> org.springframework.boot.autoconfigure.web.BasicErrorController.error(javax.servlet.http.HttpServletRequest)
2018-04-05 20:07:42.136 [restartedMain] INFO  o.s.w.s.m.m.a.RequestMappingHandlerMapping -Mapped "{[/error],produces=[text/html]}" onto public org.springframework.web.servlet.ModelAndView org.springframework.boot.autoconfigure.web.BasicErrorController.errorHtml(javax.servlet.http.HttpServletRequest,javax.servlet.http.HttpServletResponse)
2018-04-05 20:07:42.178 [restartedMain] INFO  o.s.w.s.h.SimpleUrlHandlerMapping -Mapped URL path [/webjars/**] onto handler of type [class org.springframework.web.servlet.resource.ResourceHttpRequestHandler]
2018-04-05 20:07:42.179 [restartedMain] INFO  o.s.w.s.h.SimpleUrlHandlerMapping -Mapped URL path [/**] onto handler of type [class org.springframework.web.servlet.resource.ResourceHttpRequestHandler]
2018-04-05 20:07:42.243 [restartedMain] INFO  o.s.w.s.h.SimpleUrlHandlerMapping -Mapped URL path [/**/favicon.ico] onto handler of type [class org.springframework.web.servlet.resource.ResourceHttpRequestHandler]
2018-04-05 20:07:42.307 [restartedMain] WARN  o.t.templatemode.TemplateMode -[THYMELEAF][restartedMain] Template Mode 'HTML5' is deprecated. Using Template Mode 'HTML' instead.
2018-04-05 20:07:43.379 [restartedMain] WARN  o.s.b.d.a.OptionalLiveReloadServer -Unable to start LiveReload server
2018-04-05 20:07:43.570 [restartedMain] INFO  o.s.j.e.a.AnnotationMBeanExporter -Registering beans for JMX exposure on startup
2018-04-05 20:07:43.572 [restartedMain] INFO  o.s.j.e.a.AnnotationMBeanExporter -Bean with name 'getDataSource' has been autodetected for JMX exposure
2018-04-05 20:07:43.579 [restartedMain] INFO  o.s.j.e.a.AnnotationMBeanExporter -Located MBean 'getDataSource': registering with JMX server as MBean [com.alibaba.druid.pool:name=getDataSource,type=DruidDataSource]
2018-04-05 20:07:43.615 [restartedMain] ERROR o.a.coyote.http11.Http11NioProtocol -Failed to start end point associated with ProtocolHandler [http-nio-8081]
java.net.BindException: Address already in use: bind
	at sun.nio.ch.Net.bind0(Native Method)
	at sun.nio.ch.Net.bind(Net.java:433)
	at sun.nio.ch.Net.bind(Net.java:425)
	at sun.nio.ch.ServerSocketChannelImpl.bind(ServerSocketChannelImpl.java:223)
	at sun.nio.ch.ServerSocketAdaptor.bind(ServerSocketAdaptor.java:74)
	at org.apache.tomcat.util.net.NioEndpoint.bind(NioEndpoint.java:210)
	at org.apache.tomcat.util.net.AbstractEndpoint.start(AbstractEndpoint.java:980)
	at org.apache.coyote.AbstractProtocol.start(AbstractProtocol.java:573)
	at org.apache.catalina.connector.Connector.startInternal(Connector.java:993)
	at org.apache.catalina.util.LifecycleBase.start(LifecycleBase.java:150)
	at org.apache.catalina.core.StandardService.addConnector(StandardService.java:225)
	at org.springframework.boot.context.embedded.tomcat.TomcatEmbeddedServletContainer.addPreviouslyRemovedConnectors(TomcatEmbeddedServletContainer.java:247)
	at org.springframework.boot.context.embedded.tomcat.TomcatEmbeddedServletContainer.start(TomcatEmbeddedServletContainer.java:190)
	at org.springframework.boot.context.embedded.EmbeddedWebApplicationContext.startEmbeddedServletContainer(EmbeddedWebApplicationContext.java:297)
	at org.springframework.boot.context.embedded.EmbeddedWebApplicationContext.finishRefresh(EmbeddedWebApplicationContext.java:145)
	at org.springframework.context.support.AbstractApplicationContext.refresh(AbstractApplicationContext.java:545)
	at org.springframework.boot.context.embedded.EmbeddedWebApplicationContext.refresh(EmbeddedWebApplicationContext.java:122)
	at org.springframework.boot.SpringApplication.refresh(SpringApplication.java:737)
	at org.springframework.boot.SpringApplication.refreshContext(SpringApplication.java:370)
	at org.springframework.boot.SpringApplication.run(SpringApplication.java:314)
	at org.springframework.boot.SpringApplication.run(SpringApplication.java:1162)
	at org.springframework.boot.SpringApplication.run(SpringApplication.java:1151)
	at com.distribution.DistributionApplication.main(DistributionApplication.java:15)
	at sun.reflect.NativeMethodAccessorImpl.invoke0(Native Method)
	at sun.reflect.NativeMethodAccessorImpl.invoke(NativeMethodAccessorImpl.java:62)
	at sun.reflect.DelegatingMethodAccessorImpl.invoke(DelegatingMethodAccessorImpl.java:43)
	at java.lang.reflect.Method.invoke(Method.java:498)
	at org.springframework.boot.devtools.restart.RestartLauncher.run(RestartLauncher.java:49)
2018-04-05 20:07:43.620 [restartedMain] ERROR o.a.catalina.core.StandardService -Failed to start connector [Connector[HTTP/1.1-8081]]
org.apache.catalina.LifecycleException: Failed to start component [Connector[HTTP/1.1-8081]]
	at org.apache.catalina.util.LifecycleBase.start(LifecycleBase.java:167)
	at org.apache.catalina.core.StandardService.addConnector(StandardService.java:225)
	at org.springframework.boot.context.embedded.tomcat.TomcatEmbeddedServletContainer.addPreviouslyRemovedConnectors(TomcatEmbeddedServletContainer.java:247)
	at org.springframework.boot.context.embedded.tomcat.TomcatEmbeddedServletContainer.start(TomcatEmbeddedServletContainer.java:190)
	at org.springframework.boot.context.embedded.EmbeddedWebApplicationContext.startEmbeddedServletContainer(EmbeddedWebApplicationContext.java:297)
	at org.springframework.boot.context.embedded.EmbeddedWebApplicationContext.finishRefresh(EmbeddedWebApplicationContext.java:145)
	at org.springframework.context.support.AbstractApplicationContext.refresh(AbstractApplicationContext.java:545)
	at org.springframework.boot.context.embedded.EmbeddedWebApplicationContext.refresh(EmbeddedWebApplicationContext.java:122)
	at org.springframework.boot.SpringApplication.refresh(SpringApplication.java:737)
	at org.springframework.boot.SpringApplication.refreshContext(SpringApplication.java:370)
	at org.springframework.boot.SpringApplication.run(SpringApplication.java:314)
	at org.springframework.boot.SpringApplication.run(SpringApplication.java:1162)
	at org.springframework.boot.SpringApplication.run(SpringApplication.java:1151)
	at com.distribution.DistributionApplication.main(DistributionApplication.java:15)
	at sun.reflect.NativeMethodAccessorImpl.invoke0(Native Method)
	at sun.reflect.NativeMethodAccessorImpl.invoke(NativeMethodAccessorImpl.java:62)
	at sun.reflect.DelegatingMethodAccessorImpl.invoke(DelegatingMethodAccessorImpl.java:43)
	at java.lang.reflect.Method.invoke(Method.java:498)
	at org.springframework.boot.devtools.restart.RestartLauncher.run(RestartLauncher.java:49)
Caused by: org.apache.catalina.LifecycleException: service.getName(): "Tomcat";  Protocol handler start failed
	at org.apache.catalina.connector.Connector.startInternal(Connector.java:1000)
	at org.apache.catalina.util.LifecycleBase.start(LifecycleBase.java:150)
	... 18 common frames omitted
Caused by: java.net.BindException: Address already in use: bind
	at sun.nio.ch.Net.bind0(Native Method)
	at sun.nio.ch.Net.bind(Net.java:433)
	at sun.nio.ch.Net.bind(Net.java:425)
	at sun.nio.ch.ServerSocketChannelImpl.bind(ServerSocketChannelImpl.java:223)
	at sun.nio.ch.ServerSocketAdaptor.bind(ServerSocketAdaptor.java:74)
	at org.apache.tomcat.util.net.NioEndpoint.bind(NioEndpoint.java:210)
	at org.apache.tomcat.util.net.AbstractEndpoint.start(AbstractEndpoint.java:980)
	at org.apache.coyote.AbstractProtocol.start(AbstractProtocol.java:573)
	at org.apache.catalina.connector.Connector.startInternal(Connector.java:993)
	... 19 common frames omitted
2018-04-05 20:07:43.633 [restartedMain] INFO  o.a.catalina.core.StandardService -Stopping service Tomcat
2018-04-05 20:07:43.671 [restartedMain] INFO  o.s.b.a.l.AutoConfigurationReportLoggingInitializer -

Error starting ApplicationContext. To display the auto-configuration report re-run your application with 'debug' enabled.
2018-04-05 20:07:43.680 [restartedMain] ERROR o.s.b.d.LoggingFailureAnalysisReporter -

***************************
APPLICATION FAILED TO START
***************************

Description:

The Tomcat connector configured to listen on port 8081 failed to start. The port may already be in use or the connector may be misconfigured.

Action:

Verify the connector's configuration, identify and stop any process that's listening on port 8081, or configure this application to listen on another port.

2018-04-05 20:07:43.690 [restartedMain] INFO  o.s.b.c.e.AnnotationConfigEmbeddedWebApplicationContext -Closing org.springframework.boot.context.embedded.AnnotationConfigEmbeddedWebApplicationContext@382c2d16: startup date [Thu Apr 05 20:07:35 CST 2018]; root of context hierarchy
2018-04-05 20:07:43.693 [restartedMain] INFO  o.s.j.e.a.AnnotationMBeanExporter -Unregistering JMX-exposed beans on shutdown
2018-04-05 20:07:43.693 [restartedMain] INFO  o.s.j.e.a.AnnotationMBeanExporter -Unregistering JMX-exposed beans
2018-04-05 20:07:43.694 [restartedMain] INFO  o.s.o.j.LocalContainerEntityManagerFactoryBean -Closing JPA EntityManagerFactory for persistence unit 'default'
2018-04-05 20:07:43.700 [restartedMain] INFO  c.alibaba.druid.pool.DruidDataSource -{dataSource-1} closed
